<?xml version="1.0" encoding="UTF-8"?>
<!-- Generated by org.testng.reporters.JUnitXMLReporter -->
<testsuite ignored="3" hostname="DESKTOP-JOKRND9" failures="0" tests="1" name="Test2" time="13.888" errors="0" timestamp="2023-05-11T10:28:47 IST">
  <testcase classname="com.test.Regression" name="pintestNewpara" time="5.398"/>
  <testcase classname="com.test.Regression" name="choosecountry" time="0.0">
    <ignored/>
  </testcase> <!-- choosecountry -->
  <testcase classname="com.test.Regression" name="pintest" time="0.0">
    <ignored/>
  </testcase> <!-- pintest -->
  <testcase classname="com.test.Regression" name="searchbar" time="0.0">
    <ignored/>
  </testcase> <!-- searchbar -->
</testsuite> <!-- Test2 -->
