<?xml version="1.0" encoding="UTF-8"?>
<testng-results ignored="0" total="4" passed="4" failed="0" skipped="0">
  <reporter-output>
  </reporter-output>
  <suite started-at="2023-05-18T00:11:58 IST" name="Suite" finished-at="2023-05-18T00:12:25 IST" duration-ms="27210">
    <groups>
      <group name="sanity">
        <method signature="sanity.cartTest()[pri:0, instance:com.test.sanity@4c1d9d4b]" name="cartTest" class="com.test.sanity"/>
        <method signature="sanity.guestLoginTest()[pri:0, instance:com.test.sanity@4c1d9d4b]" name="guestLoginTest" class="com.test.sanity"/>
      </group> <!-- sanity -->
    </groups>
    <test started-at="2023-05-18T00:11:58 IST" name="Test" finished-at="2023-05-18T00:12:25 IST" duration-ms="27210">
      <class name="com.test.sanity">
        <test-method is-config="true" signature="beforesuite()[pri:0, instance:com.test.sanity@4c1d9d4b]" started-at="2023-05-18T00:11:58 IST" name="beforesuite" finished-at="2023-05-18T00:11:58 IST" duration-ms="150" status="PASS">
          <reporter-output>
          </reporter-output>
        </test-method> <!-- beforesuite -->
        <test-method is-config="true" signature="beforemethod()[pri:0, instance:com.test.sanity@4c1d9d4b]" started-at="2023-05-18T00:11:58 IST" name="beforemethod" finished-at="2023-05-18T00:12:08 IST" duration-ms="10396" status="PASS">
          <reporter-output>
          </reporter-output>
        </test-method> <!-- beforemethod -->
        <test-method signature="cartTest()[pri:0, instance:com.test.sanity@4c1d9d4b]" started-at="2023-05-18T00:12:08 IST" name="cartTest" finished-at="2023-05-18T00:12:13 IST" duration-ms="5115" status="PASS">
          <reporter-output>
          </reporter-output>
        </test-method> <!-- cartTest -->
        <test-method is-config="true" signature="aftermethod()[pri:0, instance:com.test.sanity@4c1d9d4b]" started-at="2023-05-18T00:12:13 IST" name="aftermethod" finished-at="2023-05-18T00:12:14 IST" duration-ms="707" status="PASS">
          <reporter-output>
          </reporter-output>
        </test-method> <!-- aftermethod -->
        <test-method is-config="true" signature="beforemethod()[pri:0, instance:com.test.sanity@4c1d9d4b]" started-at="2023-05-18T00:12:14 IST" name="beforemethod" finished-at="2023-05-18T00:12:21 IST" duration-ms="7157" status="PASS">
          <reporter-output>
          </reporter-output>
        </test-method> <!-- beforemethod -->
        <test-method signature="guestLoginTest()[pri:0, instance:com.test.sanity@4c1d9d4b]" started-at="2023-05-18T00:12:21 IST" name="guestLoginTest" finished-at="2023-05-18T00:12:25 IST" duration-ms="3405" status="PASS">
          <reporter-output>
          </reporter-output>
        </test-method> <!-- guestLoginTest -->
        <test-method is-config="true" signature="aftermethod()[pri:0, instance:com.test.sanity@4c1d9d4b]" started-at="2023-05-18T00:12:25 IST" name="aftermethod" finished-at="2023-05-18T00:12:25 IST" duration-ms="390" status="PASS">
          <reporter-output>
          </reporter-output>
        </test-method> <!-- aftermethod -->
        <test-method is-config="true" signature="aftersuite()[pri:0, instance:com.test.sanity@4c1d9d4b]" started-at="2023-05-18T00:12:25 IST" name="aftersuite" finished-at="2023-05-18T00:12:25 IST" duration-ms="79" status="PASS">
          <reporter-output>
          </reporter-output>
        </test-method> <!-- aftersuite -->
      </class> <!-- com.test.sanity -->
    </test> <!-- Test -->
  </suite> <!-- Suite -->
  <suite started-at="2023-05-18T00:12:25 IST" name="Suite (0)" finished-at="2023-05-18T00:12:42 IST" duration-ms="16825">
    <groups>
      <group name="smoke">
        <method signature="smoke.HamburgerTest()[pri:0, instance:com.test.smoke@769e7ee8]" name="HamburgerTest" class="com.test.smoke"/>
        <method signature="smoke.validpintest()[pri:0, instance:com.test.smoke@769e7ee8]" name="validpintest" class="com.test.smoke"/>
      </group> <!-- smoke -->
    </groups>
    <test started-at="2023-05-18T00:12:25 IST" name="Test" finished-at="2023-05-18T00:12:42 IST" duration-ms="16825">
      <class name="com.test.smoke">
        <test-method is-config="true" signature="beforesuite()[pri:0, instance:com.test.smoke@769e7ee8]" started-at="2023-05-18T00:12:25 IST" name="beforesuite" finished-at="2023-05-18T00:12:25 IST" duration-ms="2" status="PASS">
          <reporter-output>
          </reporter-output>
        </test-method> <!-- beforesuite -->
        <test-method is-config="true" signature="beforemethod()[pri:0, instance:com.test.smoke@769e7ee8]" started-at="2023-05-18T00:12:25 IST" name="beforemethod" finished-at="2023-05-18T00:12:30 IST" duration-ms="5365" status="PASS">
          <reporter-output>
          </reporter-output>
        </test-method> <!-- beforemethod -->
        <test-method signature="HamburgerTest()[pri:0, instance:com.test.smoke@769e7ee8]" started-at="2023-05-18T00:12:30 IST" name="HamburgerTest" finished-at="2023-05-18T00:12:32 IST" duration-ms="1410" status="PASS">
          <reporter-output>
          </reporter-output>
        </test-method> <!-- HamburgerTest -->
        <test-method is-config="true" signature="aftermethod()[pri:0, instance:com.test.smoke@769e7ee8]" started-at="2023-05-18T00:12:32 IST" name="aftermethod" finished-at="2023-05-18T00:12:32 IST" duration-ms="363" status="PASS">
          <reporter-output>
          </reporter-output>
        </test-method> <!-- aftermethod -->
        <test-method is-config="true" signature="beforemethod()[pri:0, instance:com.test.smoke@769e7ee8]" started-at="2023-05-18T00:12:32 IST" name="beforemethod" finished-at="2023-05-18T00:12:38 IST" duration-ms="6229" status="PASS">
          <reporter-output>
          </reporter-output>
        </test-method> <!-- beforemethod -->
        <test-method signature="validpintest()[pri:0, instance:com.test.smoke@769e7ee8]" started-at="2023-05-18T00:12:38 IST" name="validpintest" finished-at="2023-05-18T00:12:42 IST" duration-ms="3162" status="PASS">
          <reporter-output>
          </reporter-output>
        </test-method> <!-- validpintest -->
        <test-method is-config="true" signature="aftermethod()[pri:0, instance:com.test.smoke@769e7ee8]" started-at="2023-05-18T00:12:42 IST" name="aftermethod" finished-at="2023-05-18T00:12:42 IST" duration-ms="294" status="PASS">
          <reporter-output>
          </reporter-output>
        </test-method> <!-- aftermethod -->
        <test-method is-config="true" signature="aftersuite()[pri:0, instance:com.test.smoke@769e7ee8]" started-at="2023-05-18T00:12:42 IST" name="aftersuite" finished-at="2023-05-18T00:12:42 IST" duration-ms="66" status="PASS">
          <reporter-output>
          </reporter-output>
        </test-method> <!-- aftersuite -->
      </class> <!-- com.test.smoke -->
    </test> <!-- Test -->
  </suite> <!-- Suite (0) -->
</testng-results>
