<?xml version="1.0" encoding="UTF-8"?>
<testng-results ignored="0" total="1" passed="1" failed="0" skipped="0">
  <reporter-output>
  </reporter-output>
  <suite started-at="2023-10-27T17:59:38 IST" name="Suite" finished-at="2023-10-27T17:59:47 IST" duration-ms="9292">
    <groups>
    </groups>
    <test started-at="2023-10-27T17:59:38 IST" name="Test" finished-at="2023-10-27T17:59:47 IST" duration-ms="9292">
      <class name="com.test.testClass">
        <test-method is-config="true" signature="beforemethod()[pri:0, instance:com.test.testClass@1b1473ab]" started-at="2023-10-27T17:59:38 IST" name="beforemethod" finished-at="2023-10-27T17:59:46 IST" duration-ms="7610" status="PASS">
          <reporter-output>
          </reporter-output>
        </test-method> <!-- beforemethod -->
        <test-method signature="testDataValidation()[pri:0, instance:com.test.testClass@1b1473ab]" started-at="2023-10-27T17:59:46 IST" name="testDataValidation" finished-at="2023-10-27T17:59:47 IST" duration-ms="1413" status="PASS">
          <reporter-output>
          </reporter-output>
        </test-method> <!-- testDataValidation -->
        <test-method is-config="true" signature="aftermethod()[pri:0, instance:com.test.testClass@1b1473ab]" started-at="2023-10-27T17:59:47 IST" name="aftermethod" finished-at="2023-10-27T17:59:47 IST" duration-ms="195" status="PASS">
          <reporter-output>
          </reporter-output>
        </test-method> <!-- aftermethod -->
      </class> <!-- com.test.testClass -->
    </test> <!-- Test -->
  </suite> <!-- Suite -->
</testng-results>
